<?xml version="1.0" encoding="UTF-8"?>
<!-- Generated by org.testng.reporters.JUnitReportReporter -->
<testsuite hostname="CA-LGBSW4Y3" failures="0" tests="1" name="ca.bc.gov.educ.ccof.selenium.TestCases.LoginTest" time="20.445" errors="0" timestamp="2025-08-05T16:12:44 EDT" skipped="0">
  <testcase classname="ca.bc.gov.educ.ccof.selenium.TestCases.LoginTest" name="loginToCRM" time="20.445"/>
</testsuite> <!-- ca.bc.gov.educ.ccof.selenium.TestCases.LoginTest -->
