<?xml version="1.0" encoding="UTF-8"?>
<!-- Generated by org.testng.reporters.JUnitReportReporter -->
<testsuite hostname="CA-LGBSW4Y3" failures="0" tests="1" name="ca.bc.gov.educ.ccof.selenium.TestCases.DeleteApplication" time="75.983" errors="0" timestamp="2025-09-10T22:13:19 EDT" skipped="0">
  <testcase classname="ca.bc.gov.educ.ccof.selenium.TestCases.DeleteApplication" name="Deleteapplication" time="75.983"/>
  <system-out/>
</testsuite> <!-- ca.bc.gov.educ.ccof.selenium.TestCases.DeleteApplication -->
