<?xml version="1.0" encoding="UTF-8"?>
<!-- Generated by org.testng.reporters.JUnitReportReporter -->
<testsuite hostname="CA-LGBSW4Y3" failures="0" tests="1" name="ca.bc.gov.educ.ccof.selenium.TestCases.ValidLogin" time="23.189" errors="0" timestamp="2025-09-10T22:13:19 EDT" skipped="0">
  <testcase classname="ca.bc.gov.educ.ccof.selenium.TestCases.ValidLogin" name="loginToCRM" time="23.189"/>
  <system-out/>
</testsuite> <!-- ca.bc.gov.educ.ccof.selenium.TestCases.ValidLogin -->
